INFO:root:Leader
INFO:root:Connected to replicas
INFO:root:Backups synced
INFO:root:This server is now the new leader
INFO:root:Backups synced
INFO:root:This server is now the new leader
INFO:root:Updating backups...
INFO:root:Registration successful!: maegan
INFO:root:Update successful.: maegan
INFO:root:Update successful.: maegan
INFO:root:Updating backups...
INFO:root:Registration successful!: alyssa
INFO:root:Update successful.: alyssa
INFO:root:Update successful.: alyssa
INFO:root:Updating backups...
INFO:root:Message sent!: alyssa: alyssa: hi maegan!
INFO:root:Update successful.: alyssa
INFO:root:Updating backups...
INFO:root:Message sent!: maegan: alyssa: nothing
INFO:root:Update successful.: maegan
INFO:root:Update successful.: maegan
INFO:root:Update successful.: maegan
INFO:root:Updating backups...
INFO:root:Message sent!: maegan: alyssa: hi
INFO:root:Update successful.: maegan
